#
# There is insufficient memory for the Java Runtime Environment to continue.
# Native memory allocation (mmap) failed to map 132120576 bytes for Failed to commit area from 0x0000000083200000 to 0x000000008b000000 of length 132120576.
# Possible reasons:
#   The system is out of physical RAM or swap space
#   The process is running with CompressedOops enabled, and the Java Heap may be blocking the growth of the native heap
# Possible solutions:
#   Reduce memory load on the system
#   Increase physical memory or swap space
#   Check if swap backing store is full
#   Decrease Java heap size (-Xmx/-Xms)
#   Decrease number of Java threads
#   Decrease Java thread stack sizes (-Xss)
#   Set larger code cache with -XX:ReservedCodeCacheSize=
# This output file may be truncated or incomplete.
#
#  Out of Memory Error (os_windows.cpp:3450), pid=216992, tid=174364
#
# JRE version:  (11.0.27+6) (build )
# Java VM: OpenJDK 64-Bit Server VM (11.0.27+6-LTS, mixed mode, sharing, tiered, compressed oops, g1 gc, windows-amd64)
# No core dump will be written. Minidumps are not enabled by default on client versions of Windows
#

---------------  S U M M A R Y ------------

Command Line: -javaagent:C:\Program Files\JetBrains\IntelliJ IDEA Community Edition 2025.1\lib\idea_rt.jar=65472 -Dfile.encoding=UTF-8 BRONZE4.DAY01.BOJ2440

Host: Intel(R) Core(TM) i5-8265U CPU @ 1.60GHz, 8 cores, 7G,  Windows 11 , 64 bit Build 26100 (10.0.26100.4202)
Time: Sun Jun 22 01:33:09 2025  Windows 11 , 64 bit Build 26100 (10.0.26100.4202) elapsed time: 1.234174 seconds (0d 0h 0m 1s)

---------------  T H R E A D  ---------------

Current thread (0x00000152c42b3800):  JavaThread "Unknown thread" [_thread_in_vm, id=174364, stack(0x00000011b0900000,0x00000011b0a00000)]

Stack: [0x00000011b0900000,0x00000011b0a00000]
Native frames: (J=compiled Java code, j=interpreted, Vv=VM code, C=native code)
V  [jvm.dll+0x657c0a]
V  [jvm.dll+0x7eaa19]
V  [jvm.dll+0x7ec0f9]
V  [jvm.dll+0x7ec7f3]
V  [jvm.dll+0x26ae55]
V  [jvm.dll+0x654fe9]
V  [jvm.dll+0x648e95]
V  [jvm.dll+0x330145]
V  [jvm.dll+0x334bb6]
V  [jvm.dll+0x37b456]
V  [jvm.dll+0x37aec2]
V  [jvm.dll+0x30afb8]
V  [jvm.dll+0x30c0b5]
V  [jvm.dll+0x7c3f97]
V  [jvm.dll+0x7c571f]
V  [jvm.dll+0x388799]
V  [jvm.dll+0x7a5bef]
V  [jvm.dll+0x3f9887]
V  [jvm.dll+0x3fbd81]
C  [jli.dll+0x52e8]
C  [ucrtbase.dll+0x37b0]
C  [KERNEL32.DLL+0x2e8d7]
C  [ntdll.dll+0x3c34c]


---------------  P R O C E S S  ---------------

Threads class SMR info:
_java_thread_list=0x00000152c1f2a740, length=0, elements={
}

Java Threads: ( => current thread )

Other Threads:
  0x00000152c42cd000 GCTaskThread "GC Thread#0" [stack: 0x00000011b0a00000,0x00000011b0b00000] [id=212788]
  0x00000152c4302000 ConcurrentGCThread "G1 Main Marker" [stack: 0x00000011b0b00000,0x00000011b0c00000] [id=210088]
  0x00000152c4304000 ConcurrentGCThread "G1 Conc#0" [stack: 0x00000011b0c00000,0x00000011b0d00000] [id=216808]

[error occurred during error reporting (printing all threads), id 0xc0000005, EXCEPTION_ACCESS_VIOLATION (0xc0000005) at pc=0x00007fffb1f3be47]

VM state:not at safepoint (not fully initialized)

VM Mutex/Monitor currently owned by a thread:  ([mutex/lock_event])
[0x00000152c42b2000] Heap_lock - owner thread: 0x00000152c42b3800

Heap address: 0x0000000083200000, size: 1998 MB, Compressed Oops mode: Non-zero based: 0x0000000083200000
Narrow klass base: 0x0000000000000000, Narrow klass shift: 0

GC Heap History (0 events):
No events

Deoptimization events (0 events):
No events

Classes redefined (0 events):
No events

Internal exceptions (0 events):
No events

Events (1 events):
Event: 0.041 Loaded shared library C:\Users\82109\.jdks\ms-11.0.27\bin\zip.dll


Dynamic libraries:
0x00007ff74e390000 - 0x00007ff74e39e000 	C:\Users\82109\.jdks\ms-11.0.27\bin\java.exe
0x00007ff82eb60000 - 0x00007ff82edc5000 	C:\WINDOWS\SYSTEM32\ntdll.dll
0x00007ff82d610000 - 0x00007ff82d6d9000 	C:\WINDOWS\System32\KERNEL32.DLL
0x00007ff82c240000 - 0x00007ff82c628000 	C:\WINDOWS\System32\KERNELBASE.dll
0x00007ff82bdf0000 - 0x00007ff82bf3b000 	C:\WINDOWS\System32\ucrtbase.dll
0x00007ff81b0f0000 - 0x00007ff81b107000 	C:\Users\82109\.jdks\ms-11.0.27\bin\jli.dll
0x00007ff81e390000 - 0x00007ff81e3ad000 	C:\Users\82109\.jdks\ms-11.0.27\bin\VCRUNTIME140.dll
0x00007ff82c900000 - 0x00007ff82caca000 	C:\WINDOWS\System32\USER32.dll
0x00007ff8020d0000 - 0x00007ff80236a000 	C:\WINDOWS\WinSxS\amd64_microsoft.windows.common-controls_6595b64144ccf1df_6.0.26100.4202_none_3e0698d4e335f517\COMCTL32.dll
0x00007ff82cad0000 - 0x00007ff82cb79000 	C:\WINDOWS\System32\msvcrt.dll
0x00007ff82eaf0000 - 0x00007ff82eb1b000 	C:\WINDOWS\System32\GDI32.dll
0x00007ff82c810000 - 0x00007ff82c837000 	C:\WINDOWS\System32\win32u.dll
0x00007ff82bcb0000 - 0x00007ff82bde7000 	C:\WINDOWS\System32\gdi32full.dll
0x00007ff82c6c0000 - 0x00007ff82c763000 	C:\WINDOWS\System32\msvcp_win.dll
0x00007ff82d6e0000 - 0x00007ff82d710000 	C:\WINDOWS\System32\IMM32.DLL
0x00007ff8201a0000 - 0x00007ff8201ac000 	C:\Users\82109\.jdks\ms-11.0.27\bin\vcruntime140_1.dll
0x00007ff808f70000 - 0x00007ff808ffd000 	C:\Users\82109\.jdks\ms-11.0.27\bin\msvcp140.dll
0x00007fffb1c20000 - 0x00007fffb27f7000 	C:\Users\82109\.jdks\ms-11.0.27\bin\server\jvm.dll
0x00007ff82d070000 - 0x00007ff82d123000 	C:\WINDOWS\System32\ADVAPI32.dll
0x00007ff82cb90000 - 0x00007ff82cc36000 	C:\WINDOWS\System32\sechost.dll
0x00007ff82cdf0000 - 0x00007ff82cf05000 	C:\WINDOWS\System32\RPCRT4.dll
0x00007ff82e220000 - 0x00007ff82e294000 	C:\WINDOWS\System32\WS2_32.dll
0x00007ff823b20000 - 0x00007ff823b2b000 	C:\WINDOWS\SYSTEM32\VERSION.dll
0x00007ff81d490000 - 0x00007ff81d4c5000 	C:\WINDOWS\SYSTEM32\WINMM.dll
0x00007ff82aa70000 - 0x00007ff82aa8b000 	C:\WINDOWS\SYSTEM32\kernel.appcore.dll
0x00007ff81e630000 - 0x00007ff81e640000 	C:\Users\82109\.jdks\ms-11.0.27\bin\verify.dll
0x00007ff829540000 - 0x00007ff829781000 	C:\WINDOWS\SYSTEM32\DBGHELP.DLL
0x00007ff82d900000 - 0x00007ff82dc85000 	C:\WINDOWS\System32\combase.dll
0x00007ff82cf10000 - 0x00007ff82cff1000 	C:\WINDOWS\System32\OLEAUT32.dll
0x00007ff828aa0000 - 0x00007ff828ad9000 	C:\WINDOWS\SYSTEM32\dbgcore.DLL
0x00007ff82c770000 - 0x00007ff82c809000 	C:\WINDOWS\System32\bcryptPrimitives.dll
0x00007ff819790000 - 0x00007ff8197b8000 	C:\Users\82109\.jdks\ms-11.0.27\bin\java.dll
0x00007ff81e1b0000 - 0x00007ff81e1ba000 	C:\Users\82109\.jdks\ms-11.0.27\bin\jimage.dll
0x00007ff81b0e0000 - 0x00007ff81b0ee000 	C:\Users\82109\.jdks\ms-11.0.27\bin\instrument.dll
0x00007ff81ad90000 - 0x00007ff81ada8000 	C:\Users\82109\.jdks\ms-11.0.27\bin\zip.dll

dbghelp: loaded successfully - version: 4.0.5 - missing functions: none
symbol engine: initialized successfully - sym options: 0x614 - pdb path: .;C:\Users\82109\.jdks\ms-11.0.27\bin;C:\WINDOWS\SYSTEM32;C:\WINDOWS\WinSxS\amd64_microsoft.windows.common-controls_6595b64144ccf1df_6.0.26100.4202_none_3e0698d4e335f517;C:\Users\82109\.jdks\ms-11.0.27\bin\server

VM Arguments:
jvm_args: -javaagent:C:\Program Files\JetBrains\IntelliJ IDEA Community Edition 2025.1\lib\idea_rt.jar=65472 -Dfile.encoding=UTF-8 
java_command: BRONZE4.DAY01.BOJ2440
java_class_path (initial): C:\Users\82109\Dropbox\PC\Desktop\JAVA\baek_joon\out\production\baek_joon
Launcher Type: SUN_STANDARD

[Global flags]
     intx CICompilerCount                          = 4                                         {product} {ergonomic}
     uint ConcGCThreads                            = 2                                         {product} {ergonomic}
     uint G1ConcRefinementThreads                  = 8                                         {product} {ergonomic}
   size_t G1HeapRegionSize                         = 1048576                                   {product} {ergonomic}
    uintx GCDrainStackTargetSize                   = 64                                        {product} {ergonomic}
   size_t InitialHeapSize                          = 132120576                                 {product} {ergonomic}
   size_t MarkStackSize                            = 4194304                                   {product} {ergonomic}
   size_t MaxHeapSize                              = 2095054848                                {product} {ergonomic}
   size_t MinHeapDeltaBytes                        = 1048576                                   {product} {ergonomic}
    uintx NonNMethodCodeHeapSize                   = 5836300                                {pd product} {ergonomic}
    uintx NonProfiledCodeHeapSize                  = 122910970                              {pd product} {ergonomic}
    uintx ProfiledCodeHeapSize                     = 122910970                              {pd product} {ergonomic}
    uintx ReservedCodeCacheSize                    = 251658240                              {pd product} {ergonomic}
     bool SegmentedCodeCache                       = true                                      {product} {ergonomic}
     bool UseCompressedClassPointers               = true                                 {lp64_product} {ergonomic}
     bool UseCompressedOops                        = true                                 {lp64_product} {ergonomic}
     bool UseG1GC                                  = true                                      {product} {ergonomic}
     bool UseLargePagesIndividualAllocation        = false                                  {pd product} {ergonomic}

Logging:
Log output configuration:
 #0: stdout all=warning uptime,level,tags
 #1: stderr all=off uptime,level,tags

Environment Variables:
PATH=C:\Program Files\Microsoft\jdk-11.0.16.101-hotspot\bin;C:\Program Files (x86)\Intel\Intel(R) Management Engine Components\iCLS\;C:\Program Files\Intel\Intel(R) Management Engine Components\iCLS\;C:\WINDOWS\system32;C:\WINDOWS;C:\WINDOWS\System32\Wbem;C:\WINDOWS\System32\WindowsPowerShell\v1.0\;C:\WINDOWS\System32\OpenSSH\;C:\Program Files (x86)\Intel\Intel(R) Management Engine Components\DAL;C:\Program Files\Intel\Intel(R) Management Engine Components\DAL;c:\Program Files (x86)\Microsoft SQL Server\100\Tools\Binn\;c:\Program Files\Microsoft SQL Server\100\Tools\Binn\;c:\Program Files\Microsoft SQL Server\100\DTS\Binn\;C:\Program Files (x86)\IVI Foundation\VISA\WinNT\Bin;C:\sqlite;C:\Program Files\nodejs\;C:\Program Files (x86)\Windows Kits\10\Windows Performance Toolkit\;C:\Program Files\Git\cmd;C:\Program Files\PuTTY\;C:\Program Files\MySQL\MySQL Shell 8.0\bin\;C:\Users\82109\AppData\Local\Programs\Python\Python39\Scripts\;C:\Users\82109\AppData\Local\Programs\Python\Python39\;C:\Users\82109\AppData\Local\Microsoft\WindowsApps;C:\Users\82109\AppData\Local\Programs\Microsoft VS Code\bin;C:\Users\82109\AppData\Roaming\npm;C:\Users\82109\AppData\Local\GitHubDesktop\bin;C:\Users\82109\AppData\Local\afreeca;C:\Users\82109\libraries\flutter\bin;C:\Windows\System32\WindowsPowerShell\v1.0;C:\Users\82109\libraries\flutter;;C:\Users\82109\AppData\Local\SOOP;C:\Program Files\JetBrains\IntelliJ IDEA Community Edition 2025.1\bin;
USERNAME=82109
OS=Windows_NT
PROCESSOR_IDENTIFIER=Intel64 Family 6 Model 142 Stepping 12, GenuineIntel
TMP=C:\Users\82109\AppData\Local\Temp
TEMP=C:\Users\82109\AppData\Local\Temp



---------------  S Y S T E M  ---------------

OS: Windows 11 , 64 bit Build 26100 (10.0.26100.4202)
OS uptime: 7 days 18:27 hours

CPU:total 8 (initial active 8) (4 cores per cpu, 2 threads per core) family 6 model 142 stepping 12 microcode 0xde, cmov, cx8, fxsr, mmx, sse, sse2, sse3, ssse3, sse4.1, sse4.2, popcnt, avx, avx2, aes, clmul, erms, 3dnowpref, lzcnt, ht, tsc, tscinvbit, bmi1, bmi2, adx, fma

Memory: 4k page, system-wide physical 7986M (182M free)
TotalPageFile size 32562M (AvailPageFile size 70M)
current process WorkingSet (physical memory assigned to process): 12M, peak: 12M
current process commit charge ("private bytes"): 60M, peak: 186M

vm_info: OpenJDK 64-Bit Server VM (11.0.27+6-LTS) for windows-amd64 JRE (11.0.27+6-LTS), built on Apr 10 2025 23:35:44 by "MicrosoftCorporation" with unknown MS VC++:1939

END.
